c:\users\sonseonggue\documents\visual studio 2015\projects\codesample\x64\debug\vc140.pdb
c:\users\sonseonggue\documents\visual studio 2015\projects\codesample\x64\debug\tabledialog.obj
c:\users\sonseonggue\documents\visual studio 2015\projects\codesample\x64\debug\stylemanager.obj
c:\users\sonseonggue\documents\visual studio 2015\projects\codesample\x64\debug\stringmanager.obj
c:\users\sonseonggue\documents\visual studio 2015\projects\codesample\x64\debug\reportwidget.obj
c:\users\sonseonggue\documents\visual studio 2015\projects\codesample\x64\debug\reporttextedit.obj
c:\users\sonseonggue\documents\visual studio 2015\projects\codesample\x64\debug\reporttabdialog.obj
c:\users\sonseonggue\documents\visual studio 2015\projects\codesample\x64\debug\main.obj
c:\users\sonseonggue\documents\visual studio 2015\projects\codesample\x64\debug\moc_tabledialog.obj
c:\users\sonseonggue\documents\visual studio 2015\projects\codesample\x64\debug\moc_reportwidget.obj
c:\users\sonseonggue\documents\visual studio 2015\projects\codesample\x64\debug\moc_reporttextedit.obj
c:\users\sonseonggue\documents\visual studio 2015\projects\codesample\x64\debug\moc_reporttabdialog.obj
c:\users\sonseonggue\documents\visual studio 2015\projects\codesample\x64\debug\moc_codesample.obj
c:\users\sonseonggue\documents\visual studio 2015\projects\codesample\x64\debug\codesample.obj
c:\users\sonseonggue\documents\visual studio 2015\projects\codesample\x64\debug\qrc_codesample.obj
c:\users\sonseonggue\documents\visual studio 2015\projects\codesample\generatedfiles\ui_codesample.h
c:\users\sonseonggue\documents\visual studio 2015\projects\codesample\generatedfiles\qrc_codesample.cpp
c:\users\sonseonggue\documents\visual studio 2015\projects\codesample\generatedfiles\debug\moc_codesample.cpp
c:\users\sonseonggue\documents\visual studio 2015\projects\codesample\generatedfiles\debug\moc_tabledialog.cpp
c:\users\sonseonggue\documents\visual studio 2015\projects\codesample\generatedfiles\debug\moc_reportwidget.cpp
c:\users\sonseonggue\documents\visual studio 2015\projects\codesample\generatedfiles\debug\moc_reporttextedit.cpp
c:\users\sonseonggue\documents\visual studio 2015\projects\codesample\generatedfiles\debug\moc_reporttabdialog.cpp
c:\users\sonseonggue\documents\visual studio 2015\projects\codesample\x64\debug\codesample.ilk
c:\users\sonseonggue\documents\visual studio 2015\projects\codesample\x64\debug\codesample.exe
c:\users\sonseonggue\documents\visual studio 2015\projects\codesample\x64\debug\codesample.pdb
c:\users\sonseonggue\documents\visual studio 2015\projects\codesample\x64\debug\codesample.tlog\cl.command.1.tlog
c:\users\sonseonggue\documents\visual studio 2015\projects\codesample\x64\debug\codesample.tlog\cl.read.1.tlog
c:\users\sonseonggue\documents\visual studio 2015\projects\codesample\x64\debug\codesample.tlog\cl.write.1.tlog
c:\users\sonseonggue\documents\visual studio 2015\projects\codesample\x64\debug\codesample.tlog\custombuild.command.1.tlog
c:\users\sonseonggue\documents\visual studio 2015\projects\codesample\x64\debug\codesample.tlog\custombuild.read.1.tlog
c:\users\sonseonggue\documents\visual studio 2015\projects\codesample\x64\debug\codesample.tlog\custombuild.write.1.tlog
c:\users\sonseonggue\documents\visual studio 2015\projects\codesample\x64\debug\codesample.tlog\link.command.1.tlog
c:\users\sonseonggue\documents\visual studio 2015\projects\codesample\x64\debug\codesample.tlog\link.read.1.tlog
c:\users\sonseonggue\documents\visual studio 2015\projects\codesample\x64\debug\codesample.tlog\link.write.1.tlog
